2025-11-24 22:23:39 INFO  [main] o.s.t.c.s.AnnotationConfigContextLoaderUtils - Could not detect default configuration classes for test class [com.savvasad.apps.controller.ProductControllerIntegrationTest]: ProductControllerIntegrationTest does not declare any static, non-private, non-final, nested classes annotated with @Configuration.
2025-11-24 22:23:39 INFO  [main] o.s.b.t.c.SpringBootTestContextBootstrapper - Found @SpringBootConfiguration com.savvasad.apps.WebPosApplication for test class com.savvasad.apps.controller.ProductControllerIntegrationTest
2025-11-24 22:23:40 INFO  [main] c.s.a.c.ProductControllerIntegrationTest - Starting ProductControllerIntegrationTest using Java 25.0.1 with PID 31184 (started by savvasad in C:\Users\savvasad\BriteBill\trainings\web-pos\web-pos)
2025-11-24 22:23:40 DEBUG [main] c.s.a.c.ProductControllerIntegrationTest - Running with Spring Boot v4.0.0, Spring v7.0.1
2025-11-24 22:23:40 INFO  [main] c.s.a.c.ProductControllerIntegrationTest - No active profile set, falling back to 1 default profile: "default"
2025-11-24 22:23:41 INFO  [main] o.s.t.c.s.AnnotationConfigContextLoaderUtils - Could not detect default configuration classes for test class [com.savvasad.apps.controller.ProductControllerIntegrationTest]: ProductControllerIntegrationTest does not declare any static, non-private, non-final, nested classes annotated with @Configuration.
2025-11-24 22:23:41 INFO  [main] o.s.b.t.c.SpringBootTestContextBootstrapper - Found @SpringBootConfiguration com.savvasad.apps.WebPosApplication for test class com.savvasad.apps.controller.ProductControllerIntegrationTest
2025-11-24 22:23:42 INFO  [main] c.s.a.c.ProductControllerIntegrationTest - Starting ProductControllerIntegrationTest using Java 25.0.1 with PID 32148 (started by savvasad in C:\Users\savvasad\BriteBill\trainings\web-pos\web-pos)
2025-11-24 22:23:42 DEBUG [main] c.s.a.c.ProductControllerIntegrationTest - Running with Spring Boot v4.0.0, Spring v7.0.1
2025-11-24 22:23:42 INFO  [main] c.s.a.c.ProductControllerIntegrationTest - No active profile set, falling back to 1 default profile: "default"
2025-11-24 22:23:42 INFO  [main] o.s.d.r.c.RepositoryConfigurationDelegate - Bootstrapping Spring Data JPA repositories in DEFAULT mode.
2025-11-24 22:23:43 INFO  [main] o.s.d.r.c.RepositoryConfigurationDelegate - Finished Spring Data repository scanning in 136 ms. Found 2 JPA repository interfaces.
2025-11-24 22:23:44 INFO  [main] o.s.d.r.c.RepositoryConfigurationDelegate - Bootstrapping Spring Data JPA repositories in DEFAULT mode.
2025-11-24 22:23:44 INFO  [main] o.h.jpa.internal.util.LogHelper - HHH000204: Processing PersistenceUnitInfo [name: default]
2025-11-24 22:23:44 INFO  [main] o.s.d.r.c.RepositoryConfigurationDelegate - Finished Spring Data repository scanning in 155 ms. Found 2 JPA repository interfaces.
2025-11-24 22:23:44 INFO  [main] org.hibernate.Version - HHH000412: Hibernate ORM core version 7.1.8.Final
2025-11-24 22:23:46 INFO  [main] o.h.jpa.internal.util.LogHelper - HHH000204: Processing PersistenceUnitInfo [name: default]
2025-11-24 22:23:46 INFO  [main] o.s.o.j.p.SpringPersistenceUnitInfo - No LoadTimeWeaver setup: ignoring JPA class transformer
2025-11-24 22:23:46 INFO  [main] com.zaxxer.hikari.HikariDataSource - HikariPool-1 - Starting...
2025-11-24 22:23:46 INFO  [main] org.hibernate.Version - HHH000412: Hibernate ORM core version 7.1.8.Final
2025-11-24 22:23:46 INFO  [main] com.zaxxer.hikari.pool.HikariPool - HikariPool-1 - Added connection conn0: url=jdbc:h2:mem:testdb user=SA
2025-11-24 22:23:46 INFO  [main] com.zaxxer.hikari.HikariDataSource - HikariPool-1 - Start completed.
2025-11-24 22:23:46 WARN  [main] org.hibernate.orm.deprecation - HHH90000025: H2Dialect does not need to be specified explicitly using 'hibernate.dialect' (remove the property setting and it will be selected by default)
2025-11-24 22:23:46 INFO  [main] o.hibernate.orm.connections.pooling - HHH10001005: Database info:
	Database JDBC URL [jdbc:h2:mem:testdb]
	Database driver: H2 JDBC Driver
	Database dialect: H2Dialect
	Database version: 2.4.240
	Default catalog/schema: TESTDB/PUBLIC
	Autocommit mode: undefined/unknown
	Isolation level: READ_COMMITTED [default READ_COMMITTED]
	JDBC fetch size: 100
	Pool: DatasourceConnectionProviderImpl
	Minimum pool size: undefined/unknown
	Maximum pool size: undefined/unknown
2025-11-24 22:23:47 INFO  [main] o.h.validator.internal.util.Version - HV000001: Hibernate Validator 8.0.1.Final
2025-11-24 22:23:47 INFO  [main] o.s.o.j.p.SpringPersistenceUnitInfo - No LoadTimeWeaver setup: ignoring JPA class transformer
2025-11-24 22:23:47 INFO  [main] com.zaxxer.hikari.HikariDataSource - HikariPool-1 - Starting...
2025-11-24 22:23:47 INFO  [main] com.zaxxer.hikari.pool.HikariPool - HikariPool-1 - Added connection conn0: url=jdbc:h2:mem:testdb user=SA
2025-11-24 22:23:47 INFO  [main] com.zaxxer.hikari.HikariDataSource - HikariPool-1 - Start completed.
2025-11-24 22:23:47 WARN  [main] org.hibernate.orm.deprecation - HHH90000025: H2Dialect does not need to be specified explicitly using 'hibernate.dialect' (remove the property setting and it will be selected by default)
2025-11-24 22:23:47 INFO  [main] o.hibernate.orm.connections.pooling - HHH10001005: Database info:
	Database JDBC URL [jdbc:h2:mem:testdb]
	Database driver: H2 JDBC Driver
	Database dialect: H2Dialect
	Database version: 2.4.240
	Default catalog/schema: TESTDB/PUBLIC
	Autocommit mode: undefined/unknown
	Isolation level: READ_COMMITTED [default READ_COMMITTED]
	JDBC fetch size: 100
	Pool: DatasourceConnectionProviderImpl
	Minimum pool size: undefined/unknown
	Maximum pool size: undefined/unknown
2025-11-24 22:23:48 INFO  [main] o.h.validator.internal.util.Version - HV000001: Hibernate Validator 8.0.1.Final
2025-11-24 22:23:48 INFO  [main] o.h.e.t.j.p.i.JtaPlatformInitiator - HHH000489: No JTA platform available (set 'hibernate.transaction.jta.platform' to enable JTA platform integration)
2025-11-24 22:23:49 INFO  [main] o.s.o.j.LocalContainerEntityManagerFactoryBean - Initialized JPA EntityManagerFactory for persistence unit 'default'
2025-11-24 22:23:49 INFO  [main] o.s.d.j.r.q.QueryEnhancerFactories - Hibernate is in classpath; If applicable, HQL parser will be used.
2025-11-24 22:23:50 INFO  [main] o.h.e.t.j.p.i.JtaPlatformInitiator - HHH000489: No JTA platform available (set 'hibernate.transaction.jta.platform' to enable JTA platform integration)
2025-11-24 22:23:50 WARN  [main] o.s.b.j.a.JpaBaseConfiguration$JpaWebConfiguration - spring.jpa.open-in-view is enabled by default. Therefore, database queries may be performed during view rendering. Explicitly configure spring.jpa.open-in-view to disable this warning
2025-11-24 22:23:50 INFO  [main] o.s.o.j.LocalContainerEntityManagerFactoryBean - Initialized JPA EntityManagerFactory for persistence unit 'default'
2025-11-24 22:23:51 INFO  [main] o.s.d.j.r.q.QueryEnhancerFactories - Hibernate is in classpath; If applicable, HQL parser will be used.
2025-11-24 22:23:53 WARN  [main] o.s.b.j.a.JpaBaseConfiguration$JpaWebConfiguration - spring.jpa.open-in-view is enabled by default. Therefore, database queries may be performed during view rendering. Explicitly configure spring.jpa.open-in-view to disable this warning
2025-11-24 22:23:53 INFO  [main] o.s.b.a.e.web.EndpointLinksResolver - Exposing 1 endpoint beneath base path '/actuator'
2025-11-24 22:23:54 INFO  [main] c.s.a.c.ProductControllerIntegrationTest - Started ProductControllerIntegrationTest in 14.016 seconds (process running for 16.823)
2025-11-24 22:23:55 INFO  [main] o.s.b.a.e.web.EndpointLinksResolver - Exposing 1 endpoint beneath base path '/actuator'
2025-11-24 22:23:55 INFO  [main] c.s.a.c.ProductControllerIntegrationTest - Started ProductControllerIntegrationTest in 13.706 seconds (process running for 16.767)
2025-11-24 22:23:55 INFO  [main] o.s.b.t.m.w.SpringBootMockServletContext - Initializing Spring TestDispatcherServlet ''
2025-11-24 22:23:55 INFO  [main] o.s.t.w.s.TestDispatcherServlet - Initializing Servlet ''
2025-11-24 22:23:55 INFO  [main] o.s.t.w.s.TestDispatcherServlet - Completed initialization in 2 ms
2025-11-24 22:23:56 DEBUG [main] c.s.a.c.ControllerLoggingAspect - controller.entry name=ProductController.saveProduct(..) argsCount=1
2025-11-24 22:23:56 DEBUG [main] c.s.a.c.ControllerLoggingAspect - controller.exit name=ProductController.saveProduct(..) returnType=ResponseEntity
2025-11-24 22:23:56 INFO  [main] o.s.b.t.m.w.SpringBootMockServletContext - Initializing Spring TestDispatcherServlet ''
2025-11-24 22:23:56 INFO  [main] o.s.t.w.s.TestDispatcherServlet - Initializing Servlet ''
2025-11-24 22:23:56 INFO  [main] o.s.t.w.s.TestDispatcherServlet - Completed initialization in 1 ms
2025-11-24 22:23:56 DEBUG [main] c.s.a.c.ControllerLoggingAspect - controller.entry name=ProductController.getProductById(..) argsCount=1
2025-11-24 22:23:56 DEBUG [main] c.s.a.c.ControllerLoggingAspect - controller.exit name=ProductController.getProductById(..) returnType=ResponseEntity
2025-11-24 22:23:56 DEBUG [main] c.s.a.c.ControllerLoggingAspect - controller.entry name=ProductController.deleteProduct(..) argsCount=1
2025-11-24 22:23:56 DEBUG [main] c.s.a.c.ControllerLoggingAspect - controller.entry name=ProductController.saveProduct(..) argsCount=1
2025-11-24 22:23:57 DEBUG [main] c.s.a.c.ControllerLoggingAspect - controller.exit name=ProductController.saveProduct(..) returnType=ResponseEntity
2025-11-24 22:23:57 DEBUG [main] c.s.a.c.ControllerLoggingAspect - controller.exit name=ProductController.deleteProduct(..) returnType=ResponseEntity
2025-11-24 22:23:57 INFO  [SpringApplicationShutdownHook] o.s.o.j.LocalContainerEntityManagerFactoryBean - Closing JPA EntityManagerFactory for persistence unit 'default'
2025-11-24 22:23:57 INFO  [SpringApplicationShutdownHook] com.zaxxer.hikari.HikariDataSource - HikariPool-1 - Shutdown initiated...
2025-11-24 22:23:57 INFO  [SpringApplicationShutdownHook] com.zaxxer.hikari.HikariDataSource - HikariPool-1 - Shutdown completed.
2025-11-24 22:23:57 DEBUG [main] c.s.a.c.ControllerLoggingAspect - controller.entry name=ProductController.getProductById(..) argsCount=1
2025-11-24 22:23:57 DEBUG [main] c.s.a.c.ControllerLoggingAspect - controller.exit name=ProductController.getProductById(..) returnType=ResponseEntity
2025-11-24 22:23:57 DEBUG [main] c.s.a.c.ControllerLoggingAspect - controller.entry name=ProductController.deleteProduct(..) argsCount=1
2025-11-24 22:23:57 DEBUG [main] c.s.a.c.ControllerLoggingAspect - controller.exit name=ProductController.deleteProduct(..) returnType=ResponseEntity
2025-11-24 22:23:58 INFO  [SpringApplicationShutdownHook] o.s.o.j.LocalContainerEntityManagerFactoryBean - Closing JPA EntityManagerFactory for persistence unit 'default'
2025-11-24 22:23:58 INFO  [SpringApplicationShutdownHook] com.zaxxer.hikari.HikariDataSource - HikariPool-1 - Shutdown initiated...
2025-11-24 22:23:58 INFO  [SpringApplicationShutdownHook] com.zaxxer.hikari.HikariDataSource - HikariPool-1 - Shutdown completed.
2025-11-24 22:32:30 INFO  [main] o.s.t.c.s.AnnotationConfigContextLoaderUtils - Could not detect default configuration classes for test class [com.savvasad.apps.controller.ProductControllerIntegrationTest]: ProductControllerIntegrationTest does not declare any static, non-private, non-final, nested classes annotated with @Configuration.
2025-11-24 22:32:30 INFO  [main] o.s.b.t.c.SpringBootTestContextBootstrapper - Found @SpringBootConfiguration com.savvasad.apps.WebPosApplication for test class com.savvasad.apps.controller.ProductControllerIntegrationTest
2025-11-24 22:32:31 INFO  [main] c.s.a.c.ProductControllerIntegrationTest - Starting ProductControllerIntegrationTest using Java 25.0.1 with PID 3576 (started by savvasad in C:\Users\savvasad\BriteBill\trainings\web-pos\web-pos)
2025-11-24 22:32:31 DEBUG [main] c.s.a.c.ProductControllerIntegrationTest - Running with Spring Boot v4.0.0, Spring v7.0.1
2025-11-24 22:32:31 INFO  [main] c.s.a.c.ProductControllerIntegrationTest - No active profile set, falling back to 1 default profile: "default"
2025-11-24 22:32:32 INFO  [main] o.s.d.r.c.RepositoryConfigurationDelegate - Bootstrapping Spring Data JPA repositories in DEFAULT mode.
2025-11-24 22:32:32 INFO  [main] o.s.d.r.c.RepositoryConfigurationDelegate - Finished Spring Data repository scanning in 53 ms. Found 2 JPA repository interfaces.
2025-11-24 22:32:33 INFO  [main] o.h.jpa.internal.util.LogHelper - HHH000204: Processing PersistenceUnitInfo [name: default]
2025-11-24 22:32:33 INFO  [main] org.hibernate.Version - HHH000412: Hibernate ORM core version 7.1.8.Final
2025-11-24 22:32:34 INFO  [main] o.s.o.j.p.SpringPersistenceUnitInfo - No LoadTimeWeaver setup: ignoring JPA class transformer
2025-11-24 22:32:34 INFO  [main] com.zaxxer.hikari.HikariDataSource - HikariPool-1 - Starting...
2025-11-24 22:32:34 INFO  [main] com.zaxxer.hikari.pool.HikariPool - HikariPool-1 - Added connection conn0: url=jdbc:h2:mem:testdb user=SA
2025-11-24 22:32:34 INFO  [main] com.zaxxer.hikari.HikariDataSource - HikariPool-1 - Start completed.
2025-11-24 22:32:34 WARN  [main] org.hibernate.orm.deprecation - HHH90000025: H2Dialect does not need to be specified explicitly using 'hibernate.dialect' (remove the property setting and it will be selected by default)
2025-11-24 22:32:34 INFO  [main] o.hibernate.orm.connections.pooling - HHH10001005: Database info:
	Database JDBC URL [jdbc:h2:mem:testdb]
	Database driver: H2 JDBC Driver
	Database dialect: H2Dialect
	Database version: 2.4.240
	Default catalog/schema: TESTDB/PUBLIC
	Autocommit mode: undefined/unknown
	Isolation level: READ_COMMITTED [default READ_COMMITTED]
	JDBC fetch size: 100
	Pool: DatasourceConnectionProviderImpl
	Minimum pool size: undefined/unknown
	Maximum pool size: undefined/unknown
2025-11-24 22:32:35 INFO  [main] o.h.validator.internal.util.Version - HV000001: Hibernate Validator 8.0.1.Final
2025-11-24 22:32:35 INFO  [main] o.h.e.t.j.p.i.JtaPlatformInitiator - HHH000489: No JTA platform available (set 'hibernate.transaction.jta.platform' to enable JTA platform integration)
2025-11-24 22:32:36 INFO  [main] o.s.o.j.LocalContainerEntityManagerFactoryBean - Initialized JPA EntityManagerFactory for persistence unit 'default'
2025-11-24 22:32:36 INFO  [main] o.s.d.j.r.q.QueryEnhancerFactories - Hibernate is in classpath; If applicable, HQL parser will be used.
2025-11-24 22:32:36 WARN  [main] o.s.b.j.a.JpaBaseConfiguration$JpaWebConfiguration - spring.jpa.open-in-view is enabled by default. Therefore, database queries may be performed during view rendering. Explicitly configure spring.jpa.open-in-view to disable this warning
2025-11-24 22:32:38 INFO  [main] o.s.b.a.e.web.EndpointLinksResolver - Exposing 1 endpoint beneath base path '/actuator'
2025-11-24 22:32:38 INFO  [main] c.s.a.c.ProductControllerIntegrationTest - Started ProductControllerIntegrationTest in 7.136 seconds (process running for 9.247)
2025-11-24 22:32:39 INFO  [main] o.s.b.t.m.w.SpringBootMockServletContext - Initializing Spring TestDispatcherServlet ''
2025-11-24 22:32:39 INFO  [main] o.s.t.w.s.TestDispatcherServlet - Initializing Servlet ''
2025-11-24 22:32:39 INFO  [main] o.s.t.w.s.TestDispatcherServlet - Completed initialization in 1 ms
2025-11-24 22:32:39 DEBUG [main] c.s.a.c.ControllerLoggingAspect - controller.entry name=ProductController.saveProduct(..) argsCount=1
2025-11-24 22:32:39 DEBUG [main] c.s.a.c.ControllerLoggingAspect - controller.exit name=ProductController.saveProduct(..) returnType=ResponseEntity
2025-11-24 22:32:39 DEBUG [main] c.s.a.c.ControllerLoggingAspect - controller.entry name=ProductController.getProductById(..) argsCount=1
2025-11-24 22:32:39 DEBUG [main] c.s.a.c.ControllerLoggingAspect - controller.exit name=ProductController.getProductById(..) returnType=ResponseEntity
2025-11-24 22:32:39 DEBUG [main] c.s.a.c.ControllerLoggingAspect - controller.entry name=ProductController.deleteProduct(..) argsCount=1
2025-11-24 22:32:40 DEBUG [main] c.s.a.c.ControllerLoggingAspect - controller.exit name=ProductController.deleteProduct(..) returnType=ResponseEntity
2025-11-24 22:32:40 INFO  [SpringApplicationShutdownHook] o.s.o.j.LocalContainerEntityManagerFactoryBean - Closing JPA EntityManagerFactory for persistence unit 'default'
2025-11-24 22:32:40 INFO  [SpringApplicationShutdownHook] com.zaxxer.hikari.HikariDataSource - HikariPool-1 - Shutdown initiated...
2025-11-24 22:32:40 INFO  [SpringApplicationShutdownHook] com.zaxxer.hikari.HikariDataSource - HikariPool-1 - Shutdown completed.
